<html>
<head>
<title>TestNG:  Default test</title>
<link href="../testng.css" rel="stylesheet" type="text/css" />
<link href="../my-testng.css" rel="stylesheet" type="text/css" />

<style type="text/css">
.log { display: none;} 
.stack-trace { display: none;} 
</style>
<script type="text/javascript">
<!--
function flip(e) {
  current = e.style.display;
  if (current == 'block') {
    e.style.display = 'none';
    return 0;
  }
  else {
    e.style.display = 'block';
    return 1;
  }
}

function toggleBox(szDivId, elem, msg1, msg2)
{
  var res = -1;  if (document.getElementById) {
    res = flip(document.getElementById(szDivId));
  }
  else if (document.all) {
    // this is the way old msie versions work
    res = flip(document.all[szDivId]);
  }
  if(elem) {
    if(res == 0) elem.innerHTML = msg1; else elem.innerHTML = msg2;
  }

}

function toggleAllBoxes() {
  if (document.getElementsByTagName) {
    d = document.getElementsByTagName('div');
    for (i = 0; i < d.length; i++) {
      if (d[i].className == 'log') {
        flip(d[i]);
      }
    }
  }
}

// -->
</script>

</head>
<body>
<h2 align='center'>Default test</h2><table border='1' align="center">
<tr>
<td>Tests passed/Failed/Skipped:</td><td>0/0/2</td>
</tr><tr>
<td>Started on:</td><td>Sat Oct 22 18:14:17 IST 2016</td>
</tr>
<tr><td>Total time:</td><td>49 seconds (49317 ms)</td>
</tr><tr>
<td>Included groups:</td><td></td>
</tr><tr>
<td>Excluded groups:</td><td></td>
</tr>
</table><p/>
<small><i>(Hover the method name to see the test class name)</i></small><p/>
<table width='100%' border='1' class='invocation-failed'>
<tr><td colspan='4' align='center'><b>FAILED CONFIGURATIONS</b></td></tr>
<tr><td><b>Test method</b></td>
<td width="30%"><b>Exception</b></td>
<td width="10%"><b>Time (seconds)</b></td>
<td><b>Instance</b></td>
</tr>
<tr>
<td title='Testcases.LoginTest.configure()'><b>configure</b><br>Test class: Testcases.LoginTest</td>
<td><div><pre>java.lang.ExceptionInInitializerError
	at Pages.loginpage.&lt;init&gt;(loginpage.java:19)
	at Testcases.LoginTest.configure(LoginTest.java:53)
	at sun.reflect.NativeMethodAccessorImpl.invoke0(Native Method)
	at sun.reflect.NativeMethodAccessorImpl.invoke(NativeMethodAccessorImpl.java:62)
	at sun.reflect.DelegatingMethodAccessorImpl.invoke(DelegatingMethodAccessorImpl.java:43)
	at java.lang.reflect.Method.invoke(Method.java:483)
	at org.testng.internal.MethodInvocationHelper.invokeMethod(MethodInvocationHelper.java:85)
	at org.testng.internal.Invoker.invokeConfigurationMethod(Invoker.java:510)
	at org.testng.internal.Invoker.invokeConfigurations(Invoker.java:211)
	at org.testng.internal.Invoker.invokeConfigurations(Invoker.java:138)
	at org.testng.internal.TestMethodWorker.invokeBeforeClassMethods(TestMethodWorker.java:170)
	at org.testng.internal.TestMethodWorker.run(TestMethodWorker.java:104)
	at org.testng.TestRunner.privateRun(TestRunner.java:774)
	at org.testng.TestRunner.run(TestRunner.java:624)
	at org.testng.SuiteRunner.runTest(SuiteRunner.java:359)
	at org.testng.SuiteRunner.runSequentially(SuiteRunner.java:354)
	at org.testng.SuiteRunner.privateRun(SuiteRunner.java:312)
	at org.testng.SuiteRunner.run(SuiteRunner.java:261)
	at org.testng.SuiteRunnerWorker.runSuite(SuiteRunnerWorker.java:52)
	at org.testng.SuiteRunnerWorker.run(SuiteRunnerWorker.java:86)
	at org.testng.TestNG.runSuitesSequentially(TestNG.java:1215)
	at org.testng.TestNG.runSuitesLocally(TestNG.java:1140)
	at org.testng.TestNG.run(TestNG.java:1048)
	at org.testng.remote.AbstractRemoteTestNG.run(AbstractRemoteTestNG.java:126)
	at org.testng.remote.RemoteTestNG.initAndRun(RemoteTestNG.java:137)
	at org.testng.remote.RemoteTestNG.main(RemoteTestNG.java:58)
Caused by: org.openqa.selenium.WebDriverException: Failed to connect to binary FirefoxBinary(C:\Program Files (x86)\Mozilla Firefox\firefox.exe) on port 7055; process output follows: 
ker for PreviousExperimentProvider
1477140263527	addons.manager	DEBUG	Provider finished startup: PreviousExperimentProvider
1477140263533	DeferredSave.extensions.json	WARN	Write failed: Win error 32 during operation move on file C:\Users\NEHAAN~1\AppData\Local\Temp\anonymous3897136757464313814webdriver-profile\extensions.json.tmp (The process cannot access the file because it is being used by another process.
) ((unknown module)) No traceback available
1477140263534	addons.xpi-utils	WARN	Failed to save XPI database: Win error 32 during operation move on file C:\Users\NEHAAN~1\AppData\Local\Temp\anonymous3897136757464313814webdriver-profile\extensions.json.tmp (The process cannot access the file because it is being used by another process.
) ((unknown module)) No traceback available
1477140263535	addons.xpi-utils	WARN	Failed to save XPI database: Win error 32 during operation move on file C:\Users\NEHAAN~1\AppData\Local\Temp\anonymous3897136757464313814webdriver-profile\extensions.json.tmp (The process cannot access the file because it is being used by another process.
) ((unknown module)) No traceback available
1477140263535	addons.xpi-utils	WARN	Failed to save XPI database: Win error 32 during operation move on file C:\Users\NEHAAN~1\AppData\Local\Temp\anonymous3897136757464313814webdriver-profile\extensions.json.tmp (The process cannot access the file because it is being used by another process.
) ((unknown module)) No traceback available
1477140263536	addons.xpi-utils	WARN	Failed to save XPI database: Win error 32 during operation move on file C:\Users\NEHAAN~1\AppData\Local\Temp\anonymous3897136757464313814webdriver-profile\extensions.json.tmp (The process cannot access the file because it is being used by another process.
) ((unknown module)) No traceback available
1477140263538	DeferredSave.addons.json	DEBUG	Starting write
1477140263885	DeferredSave.addons.json	DEBUG	Write succeeded
JavaScript error: , line 0: uncaught exception: [object Object]
JavaScript error: chrome://fxdriver/content/server.js, line 61: NS_ERROR_XPC_CI_RETURNED_FAILURE: Component returned failure code: 0x80570015 (NS_ERROR_XPC_CI_RETURNED_FAILURE) [nsIJSCID.createInstance]
1477140279448	addons.manager	DEBUG	shutdown
1477140279449	addons.manager	DEBUG	Calling shutdown blocker for XPIProvider
1477140279450	addons.xpi	DEBUG	shutdown
1477140279450	addons.xpi-utils	DEBUG	shutdown
1477140279451	addons.xpi-utils	WARN	Error: XPI database modified after shutdown began (resource://gre/modules/addons/XPIProvider.jsm -&gt; resource://gre/modules/addons/XPIProviderUtils.js:428:16) JS Stack trace: this.XPIDatabase.saveChanges@XPIProviderUtils.js:428:17 &lt; XPIDB_shutdown@XPIProviderUtils.js:1009:9 &lt; XPI_shutdown@XPIProvider.jsm:2451:18 &lt; _startProvider/AMProviderShutdown/&lt;@AddonManager.jsm:718:21 &lt; Promise@Promise-backend.js:351:5 &lt; _startProvider/AMProviderShutdown@AddonManager.jsm:716:16 &lt; Barrier/this.client.addBlocker/promise&lt;/trigger@AsyncShutdown.jsm:652:23 &lt; Barrier.prototype&lt;._wait@AsyncShutdown.jsm:790:7 &lt; Barrier.prototype&lt;.wait@AsyncShutdown.jsm:774:28 &lt; AddonManagerInternal.shutdownManager&lt;@AddonManager.jsm:1108:15
1477140279454	DeferredSave.extensions.json	DEBUG	Save changes
1477140279455	DeferredSave.extensions.json	DEBUG	Flush called while data is dirty
1477140279458	addons.manager	DEBUG	Calling shutdown blocker for LightweightThemeManager
1477140279459	addons.manager	DEBUG	Calling shutdown blocker for GMPProvider
1477140279463	addons.manager	DEBUG	Calling shutdown blocker for PluginProvider
1477140279464	addons.manager	DEBUG	Calling shutdown blocker for &lt;unnamed-provider&gt;
1477140279466	addons.manager	DEBUG	Calling shutdown blocker for PreviousExperimentProvider
1477140279471	DeferredSave.extensions.json	DEBUG	Starting write
1477140279500	DeferredSave.extensions.json	DEBUG	Write succeeded
1477140279500	addons.xpi-utils	DEBUG	XPI Database saved, setting schema version preference to 17
1477140279500	addons.xpi	DEBUG	Notifying XPI shutdown observers
1477140279502	addons.manager	DEBUG	Async provider shutdown done

Build info: version: &apos;2.53.0&apos;, revision: &apos;35ae25b&apos;, time: &apos;2016-03-15 16:57:40&apos;
System info: host: &apos;LAPTOP-24H1DPQU&apos;, ip: &apos;192.168.1.40&apos;, os.name: &apos;Windows 8.1&apos;, os.arch: &apos;amd64&apos;, os.version: &apos;6.3&apos;, java.version: &apos;1.8.0_25&apos;
Driver info: driver.version: Driver
	at org.openqa.selenium.firefox.internal.NewProfileExtensionConnection.start(NewProfileExtensionConnection.java:124)
	at org.openqa.selenium.firefox.FirefoxDriver.startClient(FirefoxDriver.java:271)
	at org.openqa.selenium.remote.RemoteWebDriver.&lt;init&gt;(RemoteWebDriver.java:119)
	at org.openqa.selenium.firefox.FirefoxDriver.&lt;init&gt;(FirefoxDriver.java:218)
	at org.openqa.selenium.firefox.FirefoxDriver.&lt;init&gt;(FirefoxDriver.java:211)
	at org.openqa.selenium.firefox.FirefoxDriver.&lt;init&gt;(FirefoxDriver.java:207)
	at org.openqa.selenium.firefox.FirefoxDriver.&lt;init&gt;(FirefoxDriver.java:120)
	at UtilityFiles.Driver.&lt;clinit&gt;(Driver.java:16)
	... 26 more
Caused by: org.openqa.selenium.firefox.NotConnectedException: Unable to connect to host 127.0.0.1 on port 7055 after 45000 ms. Firefox console output:
ker for PreviousExperimentProvider
1477140263527	addons.manager	DEBUG	Provider finished startup: PreviousExperimentProvider
1477140263533	DeferredSave.extensions.json	WARN	Write failed: Win error 32 during operation move on file C:\Users\NEHAAN~1\AppData\Local\Temp\anonymous3897136757464313814webdriver-profile\extensions.json.tmp (The process cannot access the file because it is being used by another process.
) ((unknown module)) No traceback available
1477140263534	addons.xpi-utils	WARN	Failed to save XPI database: Win error 32 during operation move on file C:\Users\NEHAAN~1\AppData\Local\Temp\anonymous3897136757464313814webdriver-profile\extensions.json.tmp (The process cannot access the file because it is being used by another process.
) ((unknown module)) No traceback available
1477140263535	addons.xpi-utils	WARN	Failed to save XPI database: Win error 32 during operation move on file C:\Users\NEHAAN~1\AppData\Local\Temp\anonymous3897136757464313814webdriver-profile\extensions.json.tmp (The process cannot access the file because it is being used by another process.
) ((unknown module)) No traceback available
1477140263535	addons.xpi-utils	WARN	Failed to save XPI database: Win error 32 during operation move on file C:\Users\NEHAAN~1\AppData\Local\Temp\anonymous3897136757464313814webdriver-profile\extensions.json.tmp (The process cannot access the file because it is being used by another process.
) ((unknown module)) No traceback available
1477140263536	addons.xpi-utils	WARN	Failed to save XPI database: Win error 32 during operation move on file C:\Users\NEHAAN~1\AppData\Local\Temp\anonymous3897136757464313814webdriver-profile\extensions.json.tmp (The process cannot access the file because it is being used by another process.
) ((unknown module)) No traceback available
1477140263538	DeferredSave.addons.json	DEBUG	Starting write
1477140263885	DeferredSave.addons.json	DEBUG	Write succeeded
JavaScript error: , line 0: uncaught exception: [object Object]
JavaScript error: chrome://fxdriver/content/server.js, line 61: NS_ERROR_XPC_CI_RETURNED_FAILURE: Component returned failure code: 0x80570015 (NS_ERROR_XPC_CI_RETURNED_FAILURE) [nsIJSCID.createInstance]
1477140279448	addons.manager	DEBUG	shutdown
1477140279449	addons.manager	DEBUG	Calling shutdown blocker for XPIProvider
1477140279450	addons.xpi	DEBUG	shutdown
1477140279450	addons.xpi-utils	DEBUG	shutdown
1477140279451	addons.xpi-utils	WARN	Error: XPI database modified after shutdown began (resource://gre/modules/addons/XPIProvider.jsm -&gt; resource://gre/modules/addons/XPIProviderUtils.js:428:16) JS Stack trace: this.XPIDatabase.saveChanges@XPIProviderUtils.js:428:17 &lt; XPIDB_shutdown@XPIProviderUtils.js:1009:9 &lt; XPI_shutdown@XPIProvider.jsm:2451:18 &lt; _startProvider/AMProviderShutdown/&lt;@AddonManager.jsm:718:21 &lt; Promise@Promise-backend.js:351:5 &lt; _startProvider/AMProviderShutdown@AddonManager.jsm:716:16 &lt; Barrier/this.client.addBlocker/promise&lt;/trigger@AsyncShutdown.jsm:652:23 &lt; Barrier.prototype&lt;._wait@AsyncShutdown.jsm:790:7 &lt; Barrier.prototype&lt;.wait@AsyncShutdown.jsm:774:28 &lt; AddonManagerInternal.shutdownManager&lt;@AddonManager.jsm:1108:15
1477140279454	DeferredSave.extensions.json	DEBUG	Save changes
1477140279455	DeferredSave.extensions.json	DEBUG	Flush called while data is dirty
1477140279458	addons.manager	DEBUG	Calling shutdown blocker for LightweightThemeManager
1477140279459	addons.manager	DEBUG	Calling shutdown blocker for GMPProvider
1477140279463	addons.manager	DEBUG	Calling shutdown blocker for PluginProvider
1477140279464	addons.manager	DEBUG	Calling shutdown blocker for &lt;unnamed-provider&gt;
1477140279466	addons.manager	DEBUG	Calling shutdown blocker for PreviousExperimentProvider
1477140279471	DeferredSave.extensions.json	DEBUG	Starting write
1477140279500	DeferredSave.extensions.json	DEBUG	Write succeeded
1477140279500	addons.xpi-utils	DEBUG	XPI Database saved, setting schema version preference to 17
1477140279500	addons.xpi	DEBUG	Notifying XPI shutdown observers
1477140279502	addons.manager	DEBUG	Async provider shutdown done

	at org.openqa.selenium.firefox.internal.NewProfileExtensionConnection.start(NewProfileExtensionConnection.java:112)
	... 33 more
</pre></div><a href='#' onClick='toggleBox("stack-trace1970436060", this, "Click to show all stack frames", "Click to hide stack frames")'>Click to show all stack frames</a>
<div class='stack-trace' id='stack-trace1970436060'><pre>java.lang.ExceptionInInitializerError
	at Pages.loginpage.&lt;init&gt;(loginpage.java:19)
	at Testcases.LoginTest.configure(LoginTest.java:53)
	at sun.reflect.NativeMethodAccessorImpl.invoke0(Native Method)
	at sun.reflect.NativeMethodAccessorImpl.invoke(NativeMethodAccessorImpl.java:62)
	at sun.reflect.DelegatingMethodAccessorImpl.invoke(DelegatingMethodAccessorImpl.java:43)
	at java.lang.reflect.Method.invoke(Method.java:483)
	at org.testng.internal.MethodInvocationHelper.invokeMethod(MethodInvocationHelper.java:85)
	at org.testng.internal.Invoker.invokeConfigurationMethod(Invoker.java:510)
	at org.testng.internal.Invoker.invokeConfigurations(Invoker.java:211)
	at org.testng.internal.Invoker.invokeConfigurations(Invoker.java:138)
	at org.testng.internal.TestMethodWorker.invokeBeforeClassMethods(TestMethodWorker.java:170)
	at org.testng.internal.TestMethodWorker.run(TestMethodWorker.java:104)
	at org.testng.TestRunner.privateRun(TestRunner.java:774)
	at org.testng.TestRunner.run(TestRunner.java:624)
	at org.testng.SuiteRunner.runTest(SuiteRunner.java:359)
	at org.testng.SuiteRunner.runSequentially(SuiteRunner.java:354)
	at org.testng.SuiteRunner.privateRun(SuiteRunner.java:312)
	at org.testng.SuiteRunner.run(SuiteRunner.java:261)
	at org.testng.SuiteRunnerWorker.runSuite(SuiteRunnerWorker.java:52)
	at org.testng.SuiteRunnerWorker.run(SuiteRunnerWorker.java:86)
	at org.testng.TestNG.runSuitesSequentially(TestNG.java:1215)
	at org.testng.TestNG.runSuitesLocally(TestNG.java:1140)
	at org.testng.TestNG.run(TestNG.java:1048)
	at org.testng.remote.AbstractRemoteTestNG.run(AbstractRemoteTestNG.java:126)
	at org.testng.remote.RemoteTestNG.initAndRun(RemoteTestNG.java:137)
	at org.testng.remote.RemoteTestNG.main(RemoteTestNG.java:58)
Caused by: org.openqa.selenium.WebDriverException: Failed to connect to binary FirefoxBinary(C:\Program Files (x86)\Mozilla Firefox\firefox.exe) on port 7055; process output follows: 
ker for PreviousExperimentProvider
1477140263527	addons.manager	DEBUG	Provider finished startup: PreviousExperimentProvider
1477140263533	DeferredSave.extensions.json	WARN	Write failed: Win error 32 during operation move on file C:\Users\NEHAAN~1\AppData\Local\Temp\anonymous3897136757464313814webdriver-profile\extensions.json.tmp (The process cannot access the file because it is being used by another process.
) ((unknown module)) No traceback available
1477140263534	addons.xpi-utils	WARN	Failed to save XPI database: Win error 32 during operation move on file C:\Users\NEHAAN~1\AppData\Local\Temp\anonymous3897136757464313814webdriver-profile\extensions.json.tmp (The process cannot access the file because it is being used by another process.
) ((unknown module)) No traceback available
1477140263535	addons.xpi-utils	WARN	Failed to save XPI database: Win error 32 during operation move on file C:\Users\NEHAAN~1\AppData\Local\Temp\anonymous3897136757464313814webdriver-profile\extensions.json.tmp (The process cannot access the file because it is being used by another process.
) ((unknown module)) No traceback available
1477140263535	addons.xpi-utils	WARN	Failed to save XPI database: Win error 32 during operation move on file C:\Users\NEHAAN~1\AppData\Local\Temp\anonymous3897136757464313814webdriver-profile\extensions.json.tmp (The process cannot access the file because it is being used by another process.
) ((unknown module)) No traceback available
1477140263536	addons.xpi-utils	WARN	Failed to save XPI database: Win error 32 during operation move on file C:\Users\NEHAAN~1\AppData\Local\Temp\anonymous3897136757464313814webdriver-profile\extensions.json.tmp (The process cannot access the file because it is being used by another process.
) ((unknown module)) No traceback available
1477140263538	DeferredSave.addons.json	DEBUG	Starting write
1477140263885	DeferredSave.addons.json	DEBUG	Write succeeded
JavaScript error: , line 0: uncaught exception: [object Object]
JavaScript error: chrome://fxdriver/content/server.js, line 61: NS_ERROR_XPC_CI_RETURNED_FAILURE: Component returned failure code: 0x80570015 (NS_ERROR_XPC_CI_RETURNED_FAILURE) [nsIJSCID.createInstance]
1477140279448	addons.manager	DEBUG	shutdown
1477140279449	addons.manager	DEBUG	Calling shutdown blocker for XPIProvider
1477140279450	addons.xpi	DEBUG	shutdown
1477140279450	addons.xpi-utils	DEBUG	shutdown
1477140279451	addons.xpi-utils	WARN	Error: XPI database modified after shutdown began (resource://gre/modules/addons/XPIProvider.jsm -&gt; resource://gre/modules/addons/XPIProviderUtils.js:428:16) JS Stack trace: this.XPIDatabase.saveChanges@XPIProviderUtils.js:428:17 &lt; XPIDB_shutdown@XPIProviderUtils.js:1009:9 &lt; XPI_shutdown@XPIProvider.jsm:2451:18 &lt; _startProvider/AMProviderShutdown/&lt;@AddonManager.jsm:718:21 &lt; Promise@Promise-backend.js:351:5 &lt; _startProvider/AMProviderShutdown@AddonManager.jsm:716:16 &lt; Barrier/this.client.addBlocker/promise&lt;/trigger@AsyncShutdown.jsm:652:23 &lt; Barrier.prototype&lt;._wait@AsyncShutdown.jsm:790:7 &lt; Barrier.prototype&lt;.wait@AsyncShutdown.jsm:774:28 &lt; AddonManagerInternal.shutdownManager&lt;@AddonManager.jsm:1108:15
1477140279454	DeferredSave.extensions.json	DEBUG	Save changes
1477140279455	DeferredSave.extensions.json	DEBUG	Flush called while data is dirty
1477140279458	addons.manager	DEBUG	Calling shutdown blocker for LightweightThemeManager
1477140279459	addons.manager	DEBUG	Calling shutdown blocker for GMPProvider
1477140279463	addons.manager	DEBUG	Calling shutdown blocker for PluginProvider
1477140279464	addons.manager	DEBUG	Calling shutdown blocker for &lt;unnamed-provider&gt;
1477140279466	addons.manager	DEBUG	Calling shutdown blocker for PreviousExperimentProvider
1477140279471	DeferredSave.extensions.json	DEBUG	Starting write
1477140279500	DeferredSave.extensions.json	DEBUG	Write succeeded
1477140279500	addons.xpi-utils	DEBUG	XPI Database saved, setting schema version preference to 17
1477140279500	addons.xpi	DEBUG	Notifying XPI shutdown observers
1477140279502	addons.manager	DEBUG	Async provider shutdown done

Build info: version: &apos;2.53.0&apos;, revision: &apos;35ae25b&apos;, time: &apos;2016-03-15 16:57:40&apos;
System info: host: &apos;LAPTOP-24H1DPQU&apos;, ip: &apos;192.168.1.40&apos;, os.name: &apos;Windows 8.1&apos;, os.arch: &apos;amd64&apos;, os.version: &apos;6.3&apos;, java.version: &apos;1.8.0_25&apos;
Driver info: driver.version: Driver
	at org.openqa.selenium.firefox.internal.NewProfileExtensionConnection.start(NewProfileExtensionConnection.java:124)
	at org.openqa.selenium.firefox.FirefoxDriver.startClient(FirefoxDriver.java:271)
	at org.openqa.selenium.remote.RemoteWebDriver.&lt;init&gt;(RemoteWebDriver.java:119)
	at org.openqa.selenium.firefox.FirefoxDriver.&lt;init&gt;(FirefoxDriver.java:218)
	at org.openqa.selenium.firefox.FirefoxDriver.&lt;init&gt;(FirefoxDriver.java:211)
	at org.openqa.selenium.firefox.FirefoxDriver.&lt;init&gt;(FirefoxDriver.java:207)
	at org.openqa.selenium.firefox.FirefoxDriver.&lt;init&gt;(FirefoxDriver.java:120)
	at UtilityFiles.Driver.&lt;clinit&gt;(Driver.java:16)
	... 26 more
Caused by: org.openqa.selenium.firefox.NotConnectedException: Unable to connect to host 127.0.0.1 on port 7055 after 45000 ms. Firefox console output:
ker for PreviousExperimentProvider
1477140263527	addons.manager	DEBUG	Provider finished startup: PreviousExperimentProvider
1477140263533	DeferredSave.extensions.json	WARN	Write failed: Win error 32 during operation move on file C:\Users\NEHAAN~1\AppData\Local\Temp\anonymous3897136757464313814webdriver-profile\extensions.json.tmp (The process cannot access the file because it is being used by another process.
) ((unknown module)) No traceback available
1477140263534	addons.xpi-utils	WARN	Failed to save XPI database: Win error 32 during operation move on file C:\Users\NEHAAN~1\AppData\Local\Temp\anonymous3897136757464313814webdriver-profile\extensions.json.tmp (The process cannot access the file because it is being used by another process.
) ((unknown module)) No traceback available
1477140263535	addons.xpi-utils	WARN	Failed to save XPI database: Win error 32 during operation move on file C:\Users\NEHAAN~1\AppData\Local\Temp\anonymous3897136757464313814webdriver-profile\extensions.json.tmp (The process cannot access the file because it is being used by another process.
) ((unknown module)) No traceback available
1477140263535	addons.xpi-utils	WARN	Failed to save XPI database: Win error 32 during operation move on file C:\Users\NEHAAN~1\AppData\Local\Temp\anonymous3897136757464313814webdriver-profile\extensions.json.tmp (The process cannot access the file because it is being used by another process.
) ((unknown module)) No traceback available
1477140263536	addons.xpi-utils	WARN	Failed to save XPI database: Win error 32 during operation move on file C:\Users\NEHAAN~1\AppData\Local\Temp\anonymous3897136757464313814webdriver-profile\extensions.json.tmp (The process cannot access the file because it is being used by another process.
) ((unknown module)) No traceback available
1477140263538	DeferredSave.addons.json	DEBUG	Starting write
1477140263885	DeferredSave.addons.json	DEBUG	Write succeeded
JavaScript error: , line 0: uncaught exception: [object Object]
JavaScript error: chrome://fxdriver/content/server.js, line 61: NS_ERROR_XPC_CI_RETURNED_FAILURE: Component returned failure code: 0x80570015 (NS_ERROR_XPC_CI_RETURNED_FAILURE) [nsIJSCID.createInstance]
1477140279448	addons.manager	DEBUG	shutdown
1477140279449	addons.manager	DEBUG	Calling shutdown blocker for XPIProvider
1477140279450	addons.xpi	DEBUG	shutdown
1477140279450	addons.xpi-utils	DEBUG	shutdown
1477140279451	addons.xpi-utils	WARN	Error: XPI database modified after shutdown began (resource://gre/modules/addons/XPIProvider.jsm -&gt; resource://gre/modules/addons/XPIProviderUtils.js:428:16) JS Stack trace: this.XPIDatabase.saveChanges@XPIProviderUtils.js:428:17 &lt; XPIDB_shutdown@XPIProviderUtils.js:1009:9 &lt; XPI_shutdown@XPIProvider.jsm:2451:18 &lt; _startProvider/AMProviderShutdown/&lt;@AddonManager.jsm:718:21 &lt; Promise@Promise-backend.js:351:5 &lt; _startProvider/AMProviderShutdown@AddonManager.jsm:716:16 &lt; Barrier/this.client.addBlocker/promise&lt;/trigger@AsyncShutdown.jsm:652:23 &lt; Barrier.prototype&lt;._wait@AsyncShutdown.jsm:790:7 &lt; Barrier.prototype&lt;.wait@AsyncShutdown.jsm:774:28 &lt; AddonManagerInternal.shutdownManager&lt;@AddonManager.jsm:1108:15
1477140279454	DeferredSave.extensions.json	DEBUG	Save changes
1477140279455	DeferredSave.extensions.json	DEBUG	Flush called while data is dirty
1477140279458	addons.manager	DEBUG	Calling shutdown blocker for LightweightThemeManager
1477140279459	addons.manager	DEBUG	Calling shutdown blocker for GMPProvider
1477140279463	addons.manager	DEBUG	Calling shutdown blocker for PluginProvider
1477140279464	addons.manager	DEBUG	Calling shutdown blocker for &lt;unnamed-provider&gt;
1477140279466	addons.manager	DEBUG	Calling shutdown blocker for PreviousExperimentProvider
1477140279471	DeferredSave.extensions.json	DEBUG	Starting write
1477140279500	DeferredSave.extensions.json	DEBUG	Write succeeded
1477140279500	addons.xpi-utils	DEBUG	XPI Database saved, setting schema version preference to 17
1477140279500	addons.xpi	DEBUG	Notifying XPI shutdown observers
1477140279502	addons.manager	DEBUG	Async provider shutdown done

	at org.openqa.selenium.firefox.internal.NewProfileExtensionConnection.start(NewProfileExtensionConnection.java:112)
	... 33 more
</pre></div></td>
<td>0</td>
<td>Testcases.LoginTest@f6c48ac</td></tr>
</table><p>
<table width='100%' border='1' class='invocation-skipped'>
<tr><td colspan='4' align='center'><b>SKIPPED CONFIGURATIONS</b></td></tr>
<tr><td><b>Test method</b></td>
<td width="30%"><b>Exception</b></td>
<td width="10%"><b>Time (seconds)</b></td>
<td><b>Instance</b></td>
</tr>
<tr>
<td title='Testcases.LoginTest.startlogin()'><b>startlogin</b><br>Test class: Testcases.LoginTest</td>
<td></td>
<td>0</td>
<td>Testcases.LoginTest@f6c48ac</td></tr>
<tr>
<td title='Testcases.LoginTest.startlogin()'><b>startlogin</b><br>Test class: Testcases.LoginTest</td>
<td></td>
<td>0</td>
<td>Testcases.LoginTest@f6c48ac</td></tr>
</table><p>
<table width='100%' border='1' class='invocation-skipped'>
<tr><td colspan='4' align='center'><b>SKIPPED TESTS</b></td></tr>
<tr><td><b>Test method</b></td>
<td width="30%"><b>Exception</b></td>
<td width="10%"><b>Time (seconds)</b></td>
<td><b>Instance</b></td>
</tr>
<tr>
<td title='Testcases.LoginTest.InvalidloginToSonosim()'><b>InvalidloginToSonosim</b><br>Test class: Testcases.LoginTest</td>
<td></td>
<td>0</td>
<td>Testcases.LoginTest@f6c48ac</td></tr>
<tr>
<td title='Testcases.LoginTest.ValidLoginToSonosm()'><b>ValidLoginToSonosm</b><br>Test class: Testcases.LoginTest</td>
<td></td>
<td>0</td>
<td>Testcases.LoginTest@f6c48ac</td></tr>
</table><p>
</body>
</html>